apps/android/app/build/outputs/mapping/release/configuration.txt
# The proguard configuration file for the following section is release/processReleaseResources/aapt_rules.txt
-keep class androidx.core.app.CoreComponentFactory { <init>(); }
-keep class androidx.profileinstaller.ProfileInstallReceiver { <init>(); }
-keep class androidx.startup.InitializationProvider { <init>(); }
-keep class plum.tv.app.MainActivity { <init>(); }
-keep class plum.tv.app.PlumTvApplication { <init>(); }
-keep class androidx.media3.ui.AspectRatioFrameLayout { <init>(android.content.Context, android.util.AttributeSet); }

-keep class androidx.media3.ui.SubtitleView { <init>(android.content.Context, android.util.AttributeSet); }

-keep class androidx.media3.ui.TrackSelectionView { <init>(android.content.Context, android.util.AttributeSet); }

-keep class androidx.recyclerview.widget.RecyclerView { <init>(android.content.Context, android.util.AttributeSet); }


# End of content from release/processReleaseResources/aapt_rules.txt
# The proguard configuration file for the following section is default_proguard_files/global/proguard-android-optimize.txt-9.1.0
# This is a configuration file for ProGuard.
# http://proguard.sourceforge.net/index.html#manual/usage.html
#
# Starting with version 2.2 of the Android plugin for Gradle, this file is distributed together with
# the plugin and unpacked at build-time. The files in $ANDROID_HOME are no longer maintained and
# will be ignored by new version of the Android plugin for Gradle.

# Optimizations: If you don't want to optimize, use the proguard-android.txt configuration file
# instead of this one, which turns off the optimization flags.
-allowaccessmodification

# Preserve some attributes that may be required for reflection.
-keepattributes AnnotationDefault,
                EnclosingMethod,
                InnerClasses,
                RuntimeVisibleAnnotations,
                RuntimeVisibleParameterAnnotations,
                RuntimeVisibleTypeAnnotations,
                Signature

-keep public class com.google.vending.licensing.ILicensingService
-keep public class com.android.vending.licensing.ILicensingService
-keep public class com.google.android.vending.licensing.ILicensingService
-dontnote com.android.vending.licensing.ILicensingService
-dontnote com.google.vending.licensing.ILicensingService
-dontnote com.google.android.vending.licensing.ILicensingService

# For native methods, see https://www.guardsquare.com/manual/configuration/examples#native
-keepclasseswithmembernames,includedescriptorclasses class * {
    native <methods>;
}

# Keep setters in Views so that animations can still work.
-keepclassmembers public class * extends android.view.View {
    void set*(***);
    *** get*();
}

# We want to keep methods in Activity that could be used in the XML attribute onClick.
-keepclassmembers class * extends android.app.Activity {
    public void *(android.view.View);
}

# For enumeration classes, see https://www.guardsquare.com/manual/configuration/examples#enumerations
-keepclassmembers enum * {
    public static **[] values();
    public static ** valueOf(java.lang.String);
}

-keepclassmembers class * implements android.os.Parcelable {
    public static final ** CREATOR;
}

# Preserve annotated Javascript interface methods.
-keepclassmembers class * {
    @android.webkit.JavascriptInterface <methods>;
}

# The support libraries contains references to newer platform versions.
# Don't warn about those in case this app is linking against an older
# platform version. We know about them, and they are safe.
-dontnote android.support.**
-dontnote androidx.**
-dontwarn android.support.**
-dontwarn androidx.**

# Understand the @Keep support annotation.
-keep class android.support.annotation.Keep

-keep @android.support.annotation.Keep class * {*;}

-keepclasseswithmembers class * {
    @android.support.annotation.Keep <methods>;
}

-keepclasseswithmembers class * {
    @android.support.annotation.Keep <fields>;
}

-keepclasseswithmembers class * {
    @android.support.annotation.Keep <init>(...);
}

# These classes are duplicated between android.jar and org.apache.http.legacy.jar.
-dontnote org.apache.http.**
-dontnote android.net.http.**

# These classes are duplicated between android.jar and core-lambda-stubs.jar.
-dontnote java.lang.invoke.**

# End of content from default_proguard_files/global/proguard-android-optimize.txt-9.1.0
# The proguard configuration file for the following section is android-tv/app/proguard-rules.pro
# App release shrinker: rules beyond library consumer-rules (Hilt, OkHttp, Kotlin).

# OkHttp / Okio (Retrofit; OkHttp platform bits)
-dontwarn okhttp3.internal.platform.**
-dontwarn org.conscrypt.**
-dontwarn org.bouncycastle.**
-dontwarn org.openjsse.**

# Kotlin metadata (Moshi / reflection)
-keepclassmembers class kotlin.Metadata { *; }

# Explicit Retrofit entry: Plum API (belt-and-suspenders with interface * rule in core-network)
-keep,allowobfuscation interface plum.tv.core.network.PlumApi { *; }

# End of content from android-tv/app/proguard-rules.pro
# The proguard configuration file for the following section is exportReleaseConsumerProguardFiles/lib0/proguard.txt
# Media3 / ExoPlayer: default extractors, renderers, and codec paths are loaded via reflection.
-keep class androidx.media3.common.** { *; }
-keep class androidx.media3.exoplayer.** { *; }
-keep class androidx.media3.decoder.** { *; }
-keep class androidx.media3.extractor.** { *; }
-keep class androidx.media3.container.** { *; }
-dontwarn androidx.media3.**

# End of content from exportReleaseConsumerProguardFiles/lib0/proguard.txt
# The proguard configuration file for the following section is exportReleaseConsumerProguardFiles/lib0/proguard.txt
-keep,allowobfuscation,allowshrinking class plum.tv.feature.auth.AuthViewModel
-keep,allowobfuscation,allowshrinking class plum.tv.feature.auth.AuthViewModel
# End of content from exportReleaseConsumerProguardFiles/lib0/proguard.txt
# The proguard configuration file for the following section is exportReleaseConsumerProguardFiles/lib0/proguard.txt
-keep,allowobfuscation,allowshrinking class plum.tv.feature.home.HomeViewModel
-keep,allowobfuscation,allowshrinking class plum.tv.feature.home.HomeViewModel
# End of content from exportReleaseConsumerProguardFiles/lib0/proguard.txt
# The proguard configuration file for the following section is exportReleaseConsumerProguardFiles/lib0/proguard.txt
-keep,allowobfuscation,allowshrinking class plum.tv.feature.library.LibraryBrowseViewModel
-keep,allowobfuscation,allowshrinking class plum.tv.feature.library.LibraryBrowseViewModel
-keep,allowobfuscation,allowshrinking class plum.tv.feature.library.LibraryListViewModel
-keep,allowobfuscation,allowshrinking class plum.tv.feature.library.LibraryListViewModel
# End of content from exportReleaseConsumerProguardFiles/lib0/proguard.txt
# The proguard configuration file for the following section is exportReleaseConsumerProguardFiles/lib0/proguard.txt
-keep,allowobfuscation,allowshrinking class plum.tv.feature.details.MovieDetailViewModel
-keep,allowobfuscation,allowshrinking class plum.tv.feature.details.MovieDetailViewModel
-keep,allowobfuscation,allowshrinking class plum.tv.feature.details.ShowDetailViewModel
-keep,allowobfuscation,allowshrinking class plum.tv.feature.details.ShowDetailViewModel
# End of content from exportReleaseConsumerProguardFiles/lib0/proguard.txt
# The proguard configuration file for the following section is exportReleaseConsumerProguardFiles/lib0/proguard.txt
-keep,allowobfuscation,allowshrinking class plum.tv.feature.discover.DiscoverBrowseViewModel
-keep,allowobfuscation,allowshrinking class plum.tv.feature.discover.DiscoverBrowseViewModel
-keep,allowobfuscation,allowshrinking class plum.tv.feature.discover.DiscoverDetailViewModel
-keep,allowobfuscation,allowshrinking class plum.tv.feature.discover.DiscoverDetailViewModel
-keep,allowobfuscation,allowshrinking class plum.tv.feature.discover.DiscoverViewModel
-keep,allowobfuscation,allowshrinking class plum.tv.feature.discover.DiscoverViewModel
-keep,allowobfuscation,allowshrinking class plum.tv.feature.discover.DownloadsViewModel
-keep,allowobfuscation,allowshrinking class plum.tv.feature.discover.DownloadsViewModel
-keep,allowobfuscation,allowshrinking class plum.tv.feature.search.SearchViewModel
-keep,allowobfuscation,allowshrinking class plum.tv.feature.search.SearchViewModel
# End of content from exportReleaseConsumerProguardFiles/lib0/proguard.txt
# The proguard configuration file for the following section is exportReleaseConsumerProguardFiles/lib0/proguard.txt
# Intentionally empty.

# End of content from exportReleaseConsumerProguardFiles/lib0/proguard.txt
# The proguard configuration file for the following section is exportReleaseConsumerProguardFiles/lib0/proguard.txt
# Moshi Kotlin codegen: keep generated *JsonAdapter for each @JsonClass DTO.
-if @com.squareup.moshi.JsonClass class *
-keep,allowobfuscation class <1>JsonAdapter { *; }
-keep,allowobfuscation class <1>JsonAdapter$* { *; }

# Retrofit reflects on service interface methods and generic signatures.
-keepattributes Signature, InnerClasses, EnclosingMethod, AnnotationDefault
-keepclassmembers,allowshrinking,allowobfuscation interface * {
    @retrofit2.http.* <methods>;
}

# End of content from exportReleaseConsumerProguardFiles/lib0/proguard.txt
# The proguard configuration file for the following section is exportReleaseConsumerProguardFiles/lib1/proguard.txt
-keepnames class plum.tv.core.network.AttachPlaybackSessionCommandJson
-if class plum.tv.core.network.AttachPlaybackSessionCommandJson
-keep class plum.tv.core.network.AttachPlaybackSessionCommandJsonJsonAdapter {
    public <init>(com.squareup.moshi.Moshi);
}
-if class plum.tv.core.network.AttachPlaybackSessionCommandJson
-keepnames class kotlin.jvm.internal.DefaultConstructorMarker
-keepclassmembers class plum.tv.core.network.AttachPlaybackSessionCommandJson {
    public synthetic <init>(java.lang.String,java.lang.String,int,kotlin.jvm.internal.DefaultConstructorMarker);
}

-keepnames class plum.tv.core.network.CachedHomeDashboardEnvelope
-if class plum.tv.core.network.CachedHomeDashboardEnvelope
-keep class plum.tv.core.network.CachedHomeDashboardEnvelopeJsonAdapter {
    public <init>(com.squareup.moshi.Moshi);
}

-keepnames class plum.tv.core.network.ClientPlaybackCapabilitiesJson
-if class plum.tv.core.network.ClientPlaybackCapabilitiesJson
-keep class plum.tv.core.network.ClientPlaybackCapabilitiesJsonJsonAdapter {
    public <init>(com.squareup.moshi.Moshi);
}

-keepnames class plum.tv.core.network.ContinueWatchingEntryJson
-if class plum.tv.core.network.ContinueWatchingEntryJson
-keep class plum.tv.core.network.ContinueWatchingEntryJsonJsonAdapter {
    public <init>(com.squareup.moshi.Moshi);
}
-if class plum.tv.core.network.ContinueWatchingEntryJson
-keepnames class kotlin.jvm.internal.DefaultConstructorMarker
-keepclassmembers class plum.tv.core.network.ContinueWatchingEntryJson {
    public synthetic <init>(java.lang.String,plum.tv.core.network.MediaItemJson,java.lang.String,java.lang.String,java.lang.String,double,int,kotlin.jvm.internal.DefaultConstructorMarker);
}

-keepnames class plum.tv.core.network.CreatePlaybackSessionPayloadJson
-if class plum.tv.core.network.CreatePlaybackSessionPayloadJson
-keep class plum.tv.core.network.CreatePlaybackSessionPayloadJsonJsonAdapter {
    public <init>(com.squareup.moshi.Moshi);
}
-if class plum.tv.core.network.CreatePlaybackSessionPayloadJson
-keepnames class kotlin.jvm.internal.DefaultConstructorMarker
-keepclassmembers class plum.tv.core.network.CreatePlaybackSessionPayloadJson {
    public synthetic <init>(java.lang.Integer,plum.tv.core.network.ClientPlaybackCapabilitiesJson,java.lang.Integer,int,kotlin.jvm.internal.DefaultConstructorMarker);
}

-keepnames class plum.tv.core.network.DetachPlaybackSessionCommandJson
-if class plum.tv.core.network.DetachPlaybackSessionCommandJson
-keep class plum.tv.core.network.DetachPlaybackSessionCommandJsonJsonAdapter {
    public <init>(com.squareup.moshi.Moshi);
}
-if class plum.tv.core.network.DetachPlaybackSessionCommandJson
-keepnames class kotlin.jvm.internal.DefaultConstructorMarker
-keepclassmembers class plum.tv.core.network.DetachPlaybackSessionCommandJson {
    public synthetic <init>(java.lang.String,java.lang.String,int,kotlin.jvm.internal.DefaultConstructorMarker);
}

-keepnames class plum.tv.core.network.DeviceLoginRequest
-if class plum.tv.core.network.DeviceLoginRequest
-keep class plum.tv.core.network.DeviceLoginRequestJsonAdapter {
    public <init>(com.squareup.moshi.Moshi);
}

-keepnames class plum.tv.core.network.DeviceLoginResponseJson
-if class plum.tv.core.network.DeviceLoginResponseJson
-keep class plum.tv.core.network.DeviceLoginResponseJsonJsonAdapter {
    public <init>(com.squareup.moshi.Moshi);
}

-keepnames class plum.tv.core.network.DiscoverAcquisitionJson
-if class plum.tv.core.network.DiscoverAcquisitionJson
-keep class plum.tv.core.network.DiscoverAcquisitionJsonJsonAdapter {
    public <init>(com.squareup.moshi.Moshi);
}
-if class plum.tv.core.network.DiscoverAcquisitionJson
-keepnames class kotlin.jvm.internal.DefaultConstructorMarker
-keepclassmembers class plum.tv.core.network.DiscoverAcquisitionJson {
    public synthetic <init>(java.lang.String,java.lang.String,java.lang.Boolean,java.lang.Boolean,int,kotlin.jvm.internal.DefaultConstructorMarker);
}

-keepnames class plum.tv.core.network.DiscoverBrowseResponseJson
-if class plum.tv.core.network.DiscoverBrowseResponseJson
-keep class plum.tv.core.network.DiscoverBrowseResponseJsonJsonAdapter {
    public <init>(com.squareup.moshi.Moshi);
}
-if class plum.tv.core.network.DiscoverBrowseResponseJson
-keepnames class kotlin.jvm.internal.DefaultConstructorMarker
-keepclassmembers class plum.tv.core.network.DiscoverBrowseResponseJson {
    public synthetic <init>(java.util.List,int,int,int,java.lang.String,plum.tv.core.network.DiscoverGenreJson,java.lang.String,int,kotlin.jvm.internal.DefaultConstructorMarker);
}

-keepnames class plum.tv.core.network.DiscoverGenreJson
-if class plum.tv.core.network.DiscoverGenreJson
-keep class plum.tv.core.network.DiscoverGenreJsonJsonAdapter {
    public <init>(com.squareup.moshi.Moshi);
}

-keepnames class plum.tv.core.network.DiscoverGenresResponseJson
-if class plum.tv.core.network.DiscoverGenresResponseJson
-keep class plum.tv.core.network.DiscoverGenresResponseJsonJsonAdapter {
    public <init>(com.squareup.moshi.Moshi);
}
-if class plum.tv.core.network.DiscoverGenresResponseJson
-keepnames class kotlin.jvm.internal.DefaultConstructorMarker
-keepclassmembers class plum.tv.core.network.DiscoverGenresResponseJson {
    public synthetic <init>(java.util.List,java.util.List,int,kotlin.jvm.internal.DefaultConstructorMarker);
}

-keepnames class plum.tv.core.network.DiscoverItemJson
-if class plum.tv.core.network.DiscoverItemJson
-keep class plum.tv.core.network.DiscoverItemJsonJsonAdapter {
    public <init>(com.squareup.moshi.Moshi);
}
-if class plum.tv.core.network.DiscoverItemJson
-keepnames class kotlin.jvm.internal.DefaultConstructorMarker
-keepclassmembers class plum.tv.core.network.DiscoverItemJson {
    public synthetic <init>(java.lang.String,int,java.lang.String,java.lang.String,java.lang.String,java.lang.String,java.lang.String,java.lang.String,java.lang.Double,java.util.List,plum.tv.core.network.DiscoverAcquisitionJson,int,kotlin.jvm.internal.DefaultConstructorMarker);
}

-keepnames class plum.tv.core.network.DiscoverLibraryMatchJson
-if class plum.tv.core.network.DiscoverLibraryMatchJson
-keep class plum.tv.core.network.DiscoverLibraryMatchJsonJsonAdapter {
    public <init>(com.squareup.moshi.Moshi);
}
-if class plum.tv.core.network.DiscoverLibraryMatchJson
-keepnames class kotlin.jvm.internal.DefaultConstructorMarker
-keepclassmembers class plum.tv.core.network.DiscoverLibraryMatchJson {
    public synthetic <init>(int,java.lang.String,java.lang.String,java.lang.String,java.lang.String,int,kotlin.jvm.internal.DefaultConstructorMarker);
}

-keepnames class plum.tv.core.network.DiscoverResponseJson
-if class plum.tv.core.network.DiscoverResponseJson
-keep class plum.tv.core.network.DiscoverResponseJsonJsonAdapter {
    public <init>(com.squareup.moshi.Moshi);
}
-if class plum.tv.core.network.DiscoverResponseJson
-keepnames class kotlin.jvm.internal.DefaultConstructorMarker
-keepclassmembers class plum.tv.core.network.DiscoverResponseJson {
    public synthetic <init>(java.util.List,int,kotlin.jvm.internal.DefaultConstructorMarker);
}

-keepnames class plum.tv.core.network.DiscoverSearchResponseJson
-if class plum.tv.core.network.DiscoverSearchResponseJson
-keep class plum.tv.core.network.DiscoverSearchResponseJsonJsonAdapter {
    public <init>(com.squareup.moshi.Moshi);
}
-if class plum.tv.core.network.DiscoverSearchResponseJson
-keepnames class kotlin.jvm.internal.DefaultConstructorMarker
-keepclassmembers class plum.tv.core.network.DiscoverSearchResponseJson {
    public synthetic <init>(java.util.List,java.util.List,int,kotlin.jvm.internal.DefaultConstructorMarker);
}

-keepnames class plum.tv.core.network.DiscoverShelfJson
-if class plum.tv.core.network.DiscoverShelfJson
-keep class plum.tv.core.network.DiscoverShelfJsonJsonAdapter {
    public <init>(com.squareup.moshi.Moshi);
}
-if class plum.tv.core.network.DiscoverShelfJson
-keepnames class kotlin.jvm.internal.DefaultConstructorMarker
-keepclassmembers class plum.tv.core.network.DiscoverShelfJson {
    public synthetic <init>(java.lang.String,java.lang.String,java.util.List,int,kotlin.jvm.internal.DefaultConstructorMarker);
}

-keepnames class plum.tv.core.network.DiscoverTitleDetailsJson
-if class plum.tv.core.network.DiscoverTitleDetailsJson
-keep class plum.tv.core.network.DiscoverTitleDetailsJsonJsonAdapter {
    public <init>(com.squareup.moshi.Moshi);
}
-if class plum.tv.core.network.DiscoverTitleDetailsJson
-keepnames class kotlin.jvm.internal.DefaultConstructorMarker
-keepclassmembers class plum.tv.core.network.DiscoverTitleDetailsJson {
    public synthetic <init>(java.lang.String,int,java.lang.String,java.lang.String,java.lang.String,java.lang.String,java.lang.String,java.lang.String,java.lang.Double,java.lang.String,java.lang.Double,java.lang.String,java.util.List,java.lang.Integer,java.lang.Integer,java.lang.Integer,java.util.List,java.util.List,plum.tv.core.network.DiscoverAcquisitionJson,int,kotlin.jvm.internal.DefaultConstructorMarker);
}

-keepnames class plum.tv.core.network.DiscoverTitleVideoJson
-if class plum.tv.core.network.DiscoverTitleVideoJson
-keep class plum.tv.core.network.DiscoverTitleVideoJsonJsonAdapter {
    public <init>(com.squareup.moshi.Moshi);
}
-if class plum.tv.core.network.DiscoverTitleVideoJson
-keepnames class kotlin.jvm.internal.DefaultConstructorMarker
-keepclassmembers class plum.tv.core.network.DiscoverTitleVideoJson {
    public synthetic <init>(java.lang.String,java.lang.String,java.lang.String,java.lang.String,java.lang.Boolean,int,kotlin.jvm.internal.DefaultConstructorMarker);
}

-keepnames class plum.tv.core.network.DownloadItemJson
-if class plum.tv.core.network.DownloadItemJson
-keep class plum.tv.core.network.DownloadItemJsonJsonAdapter {
    public <init>(com.squareup.moshi.Moshi);
}
-if class plum.tv.core.network.DownloadItemJson
-keepnames class kotlin.jvm.internal.DefaultConstructorMarker
-keepclassmembers class plum.tv.core.network.DownloadItemJson {
    public synthetic <init>(java.lang.String,java.lang.String,java.lang.String,java.lang.String,java.lang.String,java.lang.Double,java.lang.Long,java.lang.Double,java.lang.String,int,kotlin.jvm.internal.DefaultConstructorMarker);
}

-keepnames class plum.tv.core.network.DownloadsResponseJson
-if class plum.tv.core.network.DownloadsResponseJson
-keep class plum.tv.core.network.DownloadsResponseJsonJsonAdapter {
    public <init>(com.squareup.moshi.Moshi);
}
-if class plum.tv.core.network.DownloadsResponseJson