apps/android/app/build/outputs/mapping/release/seeds.txt
plum.tv.app.PlumTvApplication_GeneratedInjector
plum.tv.app.PlumTvApplication$CoilEntryPoint
plum.tv.app.PlumTvApplication
plum.tv.app.MainActivity_GeneratedInjector
plum.tv.app.MainNavViewModel
plum.tv.app.MainActivity
plum.tv.app.PlayerViewModel
plum.tv.app.PlumTvApplication: PlumTvApplication()
plum.tv.app.MainActivity: MainActivity()
...
androidx.media3.exoplayer.video.spherical.SphericalGLSurfaceView: androidx.media3.exoplayer.video.spherical.TouchTracker touchTracker
androidx.media3.extractor.mkv.MatroskaExtractor: int VORBIS_MAX_INPUT_SIZE
androidx.media3.exoplayer.source.preload.PreCacheHelper$Task: androidx.media3.exoplayer.source.preload.PreCacheHelper$DownloadCallback downloadCallback
androidx.media3.common.MediaMetadata: java.lang.String FIELD_RECORDING_YEAR
androidx.media3.exoplayer.Renderer: int MSG_SET_IMAGE_OUTPUT
androidx.media3.common.MediaItem$ClippingConfiguration$Builder: long endPositionUs
androidx.media3.extractor.text.vobsub.VobsubParser$CueBuilder: int[] colors
androidx.media3.extractor.text.webvtt.WebvttCssStyle: int underline
androidx.media3.exoplayer.source.DefaultMediaSourceFactory: androidx.media3.exoplayer.upstream.LoadErrorHandlingPolicy loadErrorHandlingPolicy
androidx.media3.extractor.text.pgs.PgsParser$CueBuilder: boolean colorsSet
androidx.media3.extractor.text.ttml.TtmlNode: java.lang.String ATTR_TTS_COLOR
androidx.media3.exoplayer.upstream.CmcdData$Factory: boolean isBufferEmpty
androidx.media3.extractor.text.ttml.TtmlStyle: int STYLE_BOLD_ITALIC
androidx.media3.exoplayer.hls.playlist.HlsPlaylistParser$LineIterator: java.io.BufferedReader reader
androidx.media3.extractor.BinarySearchSeeker$TimestampSearchResult: int TYPE_POSITION_OVERESTIMATED
androidx.media3.exoplayer.drm.UnsupportedDrmException: int REASON_UNSUPPORTED_SCHEME
androidx.media3.exoplayer.source.ConcatenatingMediaSource2$MediaSourceHolder: int activeMediaPeriods
androidx.media3.exoplayer.analytics.AnalyticsListener: int EVENT_VIDEO_INPUT_FORMAT_CHANGED
androidx.media3.container.Mp4Box: int TYPE_stpp
androidx.media3.exoplayer.offline.DownloadHelper: androidx.media3.exoplayer.source.MediaSource mediaSource
androidx.media3.exoplayer.upstream.CmcdConfiguration: int MAX_ID_LENGTH
androidx.media3.exoplayer.source.preload.PreCacheHelper$ReleasableSingleThreadExecutor: java.lang.Runnable releaseRunnable
androidx.media3.extractor.mkv.MatroskaExtractor: int ID_PROJECTION_PRIVATE
plum.tv.core.network.RecentlyAddedEntryJsonJsonAdapter: com.squareup.moshi.JsonAdapter mediaItemJsonAdapter
androidx.media3.exoplayer.audio.AudioTrackPositionTracker: java.lang.reflect.Method getLatencyMethod
androidx.media3.extractor.text.pgs.PgsParser: androidx.media3.extractor.text.pgs.PgsParser$CueBuilder cueBuilder
androidx.media3.exoplayer.analytics.AnalyticsListener: int EVENT_DEVICE_VOLUME_CHANGED
androidx.media3.exoplayer.hls.playlist.HlsPlaylistParser: java.util.regex.Pattern REGEX_VALUE
androidx.media3.common.util.WakeLockManager: androidx.media3.common.util.HandlerWrapper wakeLockHandler
androidx.media3.common.C: int DATA_TYPE_DRM
androidx.media3.exoplayer.DecoderCounters: int skippedInputBufferCount
androidx.media3.exoplayer.hls.HlsMediaPeriod: androidx.media3.exoplayer.source.TrackGroupArray trackGroups
androidx.media3.extractor.ts.PsExtractor: boolean hasOutputSeekMap
androidx.media3.exoplayer.MetadataRetrieverInternal: boolean released
androidx.media3.common.MediaMetadata$Builder: java.lang.Integer totalDiscCount
androidx.media3.extractor.ts.AdtsReader: java.lang.String language
androidx.media3.extractor.mkv.MatroskaExtractor: int ID_PIXEL_WIDTH
androidx.media3.exoplayer.drm.ExoMediaDrm$KeyRequest: int REQUEST_TYPE_RENEWAL
androidx.media3.exoplayer.audio.AudioTrackPositionTracker: long forceResetWorkaroundTimeMs
androidx.media3.extractor.GaplessInfoHolder: int encoderDelay
androidx.media3.common.text.Cue$Builder: float size
androidx.media3.exoplayer.source.MediaLoadData: java.lang.Object trackSelectionData
androidx.media3.common.util.CopyOnWriteMultiset: java.util.Map elementCounts
androidx.media3.extractor.ts.Ac4Reader: int STATE_FINDING_SYNC
androidx.media3.exoplayer.ExoPlaybackException: int TYPE_SOURCE
androidx.media3.exoplayer.analytics.PlaybackStatsListener$PlaybackStatsTracker: boolean hasBeenReady